teste/app/build/outputs/logs/manifest-merger-debug-report.txt
-- Merging decision tree log ---
manifest
ADDED from src\main\AndroidManifest.xml:2:1-67:12
	xmlns:android
		ADDED from src\main\AndroidManifest.xml:2:11-69
	package
		ADDED from src\main\AndroidManifest.xml:3:5-36
		INJECTED from src\main\AndroidManifest.xml
		INJECTED from src\main\AndroidManifest.xml
	android:versionName
		INJECTED from src\main\AndroidManifest.xml
		INJECTED from src\main\AndroidManifest.xml
	android:versionCode
		INJECTED from src\main\AndroidManifest.xml
		INJECTED from src\main\AndroidManifest.xml
application
ADDED from src\main\AndroidManifest.xml:6:5-65:19
MERGED from [com.android.support:appcompat-v7:19.1.0] AndroidManifest.xml:19:5-20
	android:supportsRtl
		ADDED from src\main\AndroidManifest.xml:10:9-35
	android:label
		ADDED from src\main\AndroidManifest.xml:9:9-41
	android:allowBackup
		ADDED from src\main\AndroidManifest.xml:7:9-35
	android:icon
		ADDED from src\main\AndroidManifest.xml:8:9-45
	android:theme
		ADDED from src\main\AndroidManifest.xml:11:9-40
activity#com.teste.dijon.teste.MainActivity
ADDED from src\main\AndroidManifest.xml:12:9-19:20
	android:label
		ADDED from src\main\AndroidManifest.xml:14:13-45
	android:name
		ADDED from src\main\AndroidManifest.xml:13:13-41
intent-filter#android.intent.action.MAIN+android.intent.category.LAUNCHER
ADDED from src\main\AndroidManifest.xml:15:13-18:29
action#android.intent.action.MAIN
ADDED from src\main\AndroidManifest.xml:16:17-69
	android:name
		ADDED from src\main\AndroidManifest.xml:16:25-66
category#android.intent.category.LAUNCHER
ADDED from src\main\AndroidManifest.xml:17:17-77
	android:name
		ADDED from src\main\AndroidManifest.xml:17:27-74
activity#com.teste.dijon.teste.vwNovoProduto
ADDED from src\main\AndroidManifest.xml:20:9-28:20
	android:label
		ADDED from src\main\AndroidManifest.xml:22:13-67
	android:parentActivityName
		ADDED from src\main\AndroidManifest.xml:23:13-55
	android:name
		ADDED from src\main\AndroidManifest.xml:21:13-42
meta-data#PARENT_ACTIVITY
ADDED from src\main\AndroidManifest.xml:24:13-27:19
	android:name
		ADDED from src\main\AndroidManifest.xml:25:17-47
	android:value
		ADDED from src\main\AndroidManifest.xml:26:17-46
activity#com.teste.dijon.teste.ManterFornecedorActivity
ADDED from src\main\AndroidManifest.xml:29:9-37:20
	android:label
		ADDED from src\main\AndroidManifest.xml:31:13-59
	android:parentActivityName
		ADDED from src\main\AndroidManifest.xml:32:13-55
	android:name
		ADDED from src\main\AndroidManifest.xml:30:13-53
activity#com.teste.dijon.teste.vwProduto
ADDED from src\main\AndroidManifest.xml:38:9-44:24
	android:label
		ADDED from src\main\AndroidManifest.xml:40:13-62
	android:name
		ADDED from src\main\AndroidManifest.xml:39:13-38
activity#com.teste.dijon.teste.VW_Fornecedor
ADDED from src\main\AndroidManifest.xml:46:9-54:20
	android:label
		ADDED from src\main\AndroidManifest.xml:48:13-70
	android:parentActivityName
		ADDED from src\main\AndroidManifest.xml:49:13-67
	android:name
		ADDED from src\main\AndroidManifest.xml:47:13-42
activity#com.teste.dijon.teste.VWConsultaFornecedorActivity
ADDED from src\main\AndroidManifest.xml:55:9-63:20
	android:label
		ADDED from src\main\AndroidManifest.xml:57:13-74
	android:parentActivityName
		ADDED from src\main\AndroidManifest.xml:58:13-67
	android:name
		ADDED from src\main\AndroidManifest.xml:56:13-57
uses-sdk
INJECTED from src\main\AndroidManifest.xml reason: use-sdk injection requested
MERGED from [com.android.support:appcompat-v7:19.1.0] AndroidManifest.xml:18:5-42
	android:targetSdkVersion
		INJECTED from src\main\AndroidManifest.xml
		INJECTED from src\main\AndroidManifest.xml
	android:minSdkVersion
		INJECTED from src\main\AndroidManifest.xml
		INJECTED from src\main\AndroidManifest.xml